<?xml version="1.0" encoding="utf-8" standalone="no"?>
<!--This file represents the results of running a test suite-->
<test-results name="A:\Users\Eric\Documents\Visual Studio 2012\Projects\MvcTestApp\UnitTests\bin\Debug\UnitTests.dll" total="4" errors="0" failures="0" not-run="0" inconclusive="0" ignored="0" skipped="0" invalid="0" date="2013-07-09" time="19:58:59">
  <environment nunit-version="2.6.2.12296" clr-version="2.0.50727.6400" os-version="Microsoft Windows NT 6.2.9200.0" platform="Win32NT" cwd="A:\Program Files (x86)\NUnit 2.6.2\bin" machine-name="HAL9001" user="Eric" user-domain="HAL9001" />
  <culture-info current-culture="en-US" current-uiculture="en-US" />
  <test-suite type="Assembly" name="A:\Users\Eric\Documents\Visual Studio 2012\Projects\MvcTestApp\UnitTests\bin\Debug\UnitTests.dll" executed="True" result="Success" success="True" time="0.108" asserts="0">
    <results>
      <test-suite type="Namespace" name="UnitTests" executed="True" result="Success" success="True" time="0.088" asserts="0">
        <results>
          <test-suite type="TestFixture" name="IocContainerTest" executed="True" result="Success" success="True" time="0.085" asserts="0">
            <results>
              <test-case name="UnitTests.IocContainerTest.TestDependencyInjection" executed="True" result="Success" success="True" time="0.049" asserts="1" />
              <test-case name="UnitTests.IocContainerTest.TestRegister" executed="True" result="Success" success="True" time="0.002" asserts="1" />
              <test-case name="UnitTests.IocContainerTest.TestSingleton" executed="True" result="Success" success="True" time="0.008" asserts="1" />
              <test-case name="UnitTests.IocContainerTest.TestTransient" executed="True" result="Success" success="True" time="0.003" asserts="1" />
            </results>
          </test-suite>
        </results>
      </test-suite>
    </results>
  </test-suite>
</test-results>